<?xml version="1.0" encoding="UTF-8"?>
<!-- Generated by org.testng.reporters.JUnitXMLReporter -->
<testsuite ignored="0" hostname="DESKTOP-0N88LAP" failures="0" tests="5" name="Default test" time="7.598" errors="0" timestamp="2021-02-21T00:22:55 IST">
  <testcase classname="com.qa.apitesting.TC_DDT_Different_Class" name="test_01" time="4.964"/>
  <testcase classname="com.qa.apitesting.TC_DDT_Different_Class" name="test_01" time="0.582"/>
  <testcase classname="com.qa.apitesting.TC_DDT_Different_Class" name="test_02" time="0.943"/>
  <testcase classname="com.qa.apitesting.TC_DDT_Different_Class" name="test_02" time="0.491"/>
  <testcase classname="com.qa.apitesting.TC_DDT_Different_Class" name="test_02" time="0.494"/>
</testsuite> <!-- Default test -->
