<?xml version="1.0" encoding="UTF-8"?>
<testng-results ignored="0" total="5" passed="5" failed="0" skipped="0">
  <reporter-output>
  </reporter-output>
  <suite started-at="2021-02-21T00:22:47 IST" name="Default suite" finished-at="2021-02-21T00:22:55 IST" duration-ms="7598">
    <groups>
    </groups>
    <test started-at="2021-02-21T00:22:47 IST" name="Default test" finished-at="2021-02-21T00:22:55 IST" duration-ms="7598">
      <class name="com.qa.apitesting.TC_DDT_Different_Class">
        <test-method signature="test_01(java.lang.String, java.lang.String)[pri:0, instance:com.qa.apitesting.TC_DDT_Different_Class@10959ece]" started-at="2021-02-21T00:22:47 IST" name="test_01" data-provider="getDataforPost" finished-at="2021-02-21T00:22:52 IST" duration-ms="4964" status="PASS">
          <params>
            <param index="0">
              <value>
                <![CDATA[Smith]]>
              </value>
            </param>
            <param index="1">
              <value>
                <![CDATA[QA]]>
              </value>
            </param>
          </params>
          <reporter-output>
          </reporter-output>
        </test-method> <!-- test_01 -->
        <test-method signature="test_01(java.lang.String, java.lang.String)[pri:0, instance:com.qa.apitesting.TC_DDT_Different_Class@10959ece]" started-at="2021-02-21T00:22:52 IST" name="test_01" data-provider="getDataforPost" finished-at="2021-02-21T00:22:53 IST" duration-ms="582" status="PASS">
          <params>
            <param index="0">
              <value>
                <![CDATA[Blake]]>
              </value>
            </param>
            <param index="1">
              <value>
                <![CDATA[Lead]]>
              </value>
            </param>
          </params>
          <reporter-output>
          </reporter-output>
        </test-method> <!-- test_01 -->
        <test-method signature="test_02(int)[pri:0, instance:com.qa.apitesting.TC_DDT_Different_Class@10959ece]" started-at="2021-02-21T00:22:53 IST" name="test_02" data-provider="getDataforDelete" finished-at="2021-02-21T00:22:54 IST" duration-ms="943" status="PASS">
          <params>
            <param index="0">
              <value>
                <![CDATA[2]]>
              </value>
            </param>
          </params>
          <reporter-output>
          </reporter-output>
        </test-method> <!-- test_02 -->
        <test-method signature="test_02(int)[pri:0, instance:com.qa.apitesting.TC_DDT_Different_Class@10959ece]" started-at="2021-02-21T00:22:54 IST" name="test_02" data-provider="getDataforDelete" finished-at="2021-02-21T00:22:54 IST" duration-ms="491" status="PASS">
          <params>
            <param index="0">
              <value>
                <![CDATA[3]]>
              </value>
            </param>
          </params>
          <reporter-output>
          </reporter-output>
        </test-method> <!-- test_02 -->
        <test-method signature="test_02(int)[pri:0, instance:com.qa.apitesting.TC_DDT_Different_Class@10959ece]" started-at="2021-02-21T00:22:54 IST" name="test_02" data-provider="getDataforDelete" finished-at="2021-02-21T00:22:55 IST" duration-ms="494" status="PASS">
          <params>
            <param index="0">
              <value>
                <![CDATA[4]]>
              </value>
            </param>
          </params>
          <reporter-output>
          </reporter-output>
        </test-method> <!-- test_02 -->
      </class> <!-- com.qa.apitesting.TC_DDT_Different_Class -->
    </test> <!-- Default test -->
  </suite> <!-- Default suite -->
</testng-results>
